2025-05-07 14:20:08.697 [main] INFO  com.itheima.TliasWebManagementApplication-Starting TliasWebManagementApplication using Java 17.0.4.1 with PID 19264 (E:\my_project\tlias\tlias-web-management\target\classes started by forwardSun in E:\my_project\tlias)
2025-05-07 14:20:08.698 [main] INFO  com.itheima.TliasWebManagementApplication-No active profile set, falling back to 1 default profile: "default"
2025-05-07 14:20:09.603 [main] INFO  o.s.boot.web.embedded.tomcat.TomcatWebServer-Tomcat initialized with port 8080 (http)
2025-05-07 14:20:09.611 [main] INFO  org.apache.coyote.http11.Http11NioProtocol-Initializing ProtocolHandler ["http-nio-8080"]
2025-05-07 14:20:09.613 [main] INFO  org.apache.catalina.core.StandardService-Starting service [Tomcat]
2025-05-07 14:20:09.613 [main] INFO  org.apache.catalina.core.StandardEngine-Starting Servlet engine: [Apache Tomcat/10.1.30]
2025-05-07 14:20:09.649 [main] INFO  o.a.c.core.ContainerBase.[Tomcat].[localhost].[/]-Initializing Spring embedded WebApplicationContext
2025-05-07 14:20:09.650 [main] INFO  o.s.b.w.s.c.ServletWebServerApplicationContext-Root WebApplicationContext: initialization completed in 925 ms
2025-05-07 14:20:10.270 [main] INFO  org.apache.coyote.http11.Http11NioProtocol-Starting ProtocolHandler ["http-nio-8080"]
2025-05-07 14:20:10.281 [main] INFO  o.s.boot.web.embedded.tomcat.TomcatWebServer-Tomcat started on port 8080 (http) with context path ''
2025-05-07 14:20:10.287 [main] INFO  com.itheima.TliasWebManagementApplication-Started TliasWebManagementApplication in 1.894 seconds (process running for 3.371)
2025-05-07 14:20:34.656 [http-nio-8080-exec-1] INFO  o.a.c.core.ContainerBase.[Tomcat].[localhost].[/]-Initializing Spring DispatcherServlet 'dispatcherServlet'
2025-05-07 14:20:34.656 [http-nio-8080-exec-1] INFO  org.springframework.web.servlet.DispatcherServlet-Initializing Servlet 'dispatcherServlet'
2025-05-07 14:20:34.656 [http-nio-8080-exec-1] INFO  org.springframework.web.servlet.DispatcherServlet-Completed initialization in 0 ms
2025-05-07 14:20:34.710 [http-nio-8080-exec-1] INFO  com.itheima.controller.DeptController-查询全部部门数据
2025-05-07 14:20:34.740 [http-nio-8080-exec-1] INFO  com.zaxxer.hikari.HikariDataSource-HikariPool-1 - Starting...
2025-05-07 14:20:35.321 [http-nio-8080-exec-1] INFO  com.zaxxer.hikari.pool.HikariPool-HikariPool-1 - Added connection com.mysql.cj.jdbc.ConnectionImpl@12926e59
2025-05-07 14:20:35.321 [http-nio-8080-exec-1] INFO  com.zaxxer.hikari.HikariDataSource-HikariPool-1 - Start completed.
2025-05-07 14:20:37.036 [http-nio-8080-exec-5] INFO  com.itheima.controller.EmpController-分页查询: EmpQueryParam(page=1, pageSize=10, name=, gender=null, begin=null, end=null)
2025-05-07 14:20:46.468 [http-nio-8080-exec-3] INFO  com.itheima.controller.EmpController-分页查询: EmpQueryParam(page=1, pageSize=10, name=陈广润, gender=null, begin=null, end=null)
2025-05-07 14:20:59.633 [http-nio-8080-exec-2] INFO  com.itheima.controller.EmpController-分页查询: EmpQueryParam(page=1, pageSize=10, name=高, gender=null, begin=null, end=null)
2025-05-07 14:21:01.726 [http-nio-8080-exec-6] INFO  com.itheima.controller.EmpController-分页查询: EmpQueryParam(page=1, pageSize=10, name=, gender=null, begin=null, end=null)
2025-05-07 14:23:56.638 [http-nio-8080-exec-7] INFO  com.itheima.controller.EmpController-分页查询: EmpQueryParam(page=1, pageSize=10, name=, gender=null, begin=null, end=null)
2025-05-07 14:26:46.715 [http-nio-8080-exec-8] INFO  com.itheima.controller.EmpController-分页查询: EmpQueryParam(page=1, pageSize=10, name=, gender=null, begin=null, end=null)
2025-05-07 14:28:32.989 [http-nio-8080-exec-4] INFO  com.itheima.controller.EmpController-分页查询: EmpQueryParam(page=1, pageSize=10, name=, gender=null, begin=null, end=null)
2025-05-07 14:28:46.271 [http-nio-8080-exec-9] INFO  com.itheima.controller.DeptController-查询全部部门数据
2025-05-07 14:28:47.429 [http-nio-8080-exec-10] INFO  com.itheima.controller.EmpController-分页查询: EmpQueryParam(page=1, pageSize=10, name=, gender=null, begin=null, end=null)
2025-05-07 14:29:08.100 [http-nio-8080-exec-1] INFO  com.itheima.controller.EmpController-分页查询: EmpQueryParam(page=1, pageSize=10, name=, gender=null, begin=null, end=null)
2025-05-07 14:30:49.713 [http-nio-8080-exec-5] INFO  com.itheima.controller.EmpController-分页查询: EmpQueryParam(page=1, pageSize=10, name=, gender=null, begin=null, end=null)
2025-05-07 14:39:40.073 [http-nio-8080-exec-3] INFO  com.itheima.controller.EmpController-分页查询: EmpQueryParam(page=1, pageSize=10, name=, gender=null, begin=null, end=null)
2025-05-07 14:39:42.639 [http-nio-8080-exec-2] INFO  com.itheima.controller.EmpController-分页查询: EmpQueryParam(page=1, pageSize=10, name=, gender=null, begin=null, end=null)
2025-05-07 14:39:47.355 [http-nio-8080-exec-6] INFO  com.itheima.controller.DeptController-查询全部部门数据
2025-05-07 14:39:48.454 [http-nio-8080-exec-7] INFO  com.itheima.controller.EmpController-分页查询: EmpQueryParam(page=1, pageSize=10, name=, gender=null, begin=null, end=null)
2025-05-07 14:40:01.973 [http-nio-8080-exec-8] INFO  com.itheima.controller.EmpController-分页查询: EmpQueryParam(page=1, pageSize=10, name=eun xiang, gender=2, begin=2025-04-30, end=2025-05-08)
2025-05-07 14:40:03.641 [http-nio-8080-exec-4] INFO  com.itheima.controller.EmpController-分页查询: EmpQueryParam(page=1, pageSize=10, name=, gender=null, begin=null, end=null)
2025-05-07 14:40:03.853 [http-nio-8080-exec-9] INFO  com.itheima.controller.EmpController-分页查询: EmpQueryParam(page=1, pageSize=10, name=, gender=null, begin=null, end=null)
2025-05-07 14:43:28.826 [http-nio-8080-exec-10] INFO  com.itheima.controller.EmpController-分页查询: EmpQueryParam(page=1, pageSize=10, name=, gender=null, begin=null, end=null)
2025-05-07 14:43:31.724 [http-nio-8080-exec-1] INFO  com.itheima.controller.EmpController-分页查询: EmpQueryParam(page=1, pageSize=10, name=, gender=null, begin=null, end=null)
2025-05-07 14:43:36.084 [http-nio-8080-exec-5] INFO  com.itheima.controller.EmpController-分页查询: EmpQueryParam(page=1, pageSize=10, name=, gender=null, begin=null, end=null)
2025-05-07 14:46:37.020 [http-nio-8080-exec-3] INFO  com.itheima.controller.EmpController-分页查询: EmpQueryParam(page=1, pageSize=10, name=, gender=null, begin=null, end=null)
2025-05-07 14:49:23.668 [http-nio-8080-exec-2] INFO  com.itheima.controller.EmpController-分页查询: EmpQueryParam(page=1, pageSize=10, name=, gender=null, begin=null, end=null)
2025-05-07 14:51:36.367 [http-nio-8080-exec-6] INFO  com.itheima.controller.EmpController-分页查询: EmpQueryParam(page=1, pageSize=10, name=, gender=null, begin=null, end=null)
2025-05-07 14:51:41.691 [http-nio-8080-exec-7] INFO  com.itheima.controller.EmpController-分页查询: EmpQueryParam(page=1, pageSize=10, name=, gender=null, begin=null, end=null)
2025-05-07 14:53:08.258 [http-nio-8080-exec-8] INFO  com.itheima.controller.EmpController-分页查询: EmpQueryParam(page=1, pageSize=10, name=, gender=null, begin=null, end=null)
2025-05-07 14:53:21.369 [http-nio-8080-exec-4] INFO  com.itheima.controller.EmpController-分页查询: EmpQueryParam(page=1, pageSize=10, name=, gender=null, begin=null, end=null)
2025-05-07 14:54:15.468 [http-nio-8080-exec-9] INFO  com.itheima.controller.EmpController-分页查询: EmpQueryParam(page=1, pageSize=10, name=, gender=null, begin=null, end=null)
2025-05-07 14:55:08.518 [http-nio-8080-exec-10] INFO  com.itheima.controller.EmpController-分页查询: EmpQueryParam(page=1, pageSize=10, name=, gender=null, begin=null, end=null)
2025-05-07 14:56:26.448 [http-nio-8080-exec-1] INFO  com.itheima.controller.EmpController-分页查询: EmpQueryParam(page=1, pageSize=10, name=, gender=null, begin=null, end=null)
2025-05-07 14:58:52.059 [http-nio-8080-exec-5] INFO  com.itheima.controller.EmpController-分页查询: EmpQueryParam(page=1, pageSize=10, name=, gender=null, begin=null, end=null)
2025-05-07 14:59:39.228 [http-nio-8080-exec-3] INFO  com.itheima.controller.EmpController-分页查询: EmpQueryParam(page=1, pageSize=10, name=, gender=null, begin=null, end=null)
2025-05-07 15:01:01.865 [http-nio-8080-exec-2] INFO  com.itheima.controller.EmpController-分页查询: EmpQueryParam(page=1, pageSize=10, name=, gender=null, begin=null, end=null)
2025-05-07 15:05:06.547 [http-nio-8080-exec-6] INFO  com.itheima.controller.EmpController-分页查询: EmpQueryParam(page=1, pageSize=10, name=, gender=null, begin=null, end=null)
2025-05-07 15:05:39.009 [http-nio-8080-exec-7] INFO  com.itheima.controller.EmpController-分页查询: EmpQueryParam(page=1, pageSize=10, name=, gender=null, begin=null, end=null)
2025-05-07 15:06:36.564 [http-nio-8080-exec-8] INFO  com.itheima.controller.EmpController-分页查询: EmpQueryParam(page=1, pageSize=10, name=, gender=null, begin=null, end=null)
2025-05-07 15:12:08.745 [http-nio-8080-exec-4] INFO  com.itheima.controller.EmpController-分页查询: EmpQueryParam(page=1, pageSize=10, name=, gender=null, begin=null, end=null)
2025-05-07 15:12:15.769 [http-nio-8080-exec-9] INFO  com.itheima.controller.EmpController-分页查询: EmpQueryParam(page=1, pageSize=10, name=, gender=null, begin=null, end=null)
2025-05-07 15:12:27.030 [http-nio-8080-exec-10] INFO  com.itheima.controller.EmpController-分页查询: EmpQueryParam(page=1, pageSize=10, name=, gender=null, begin=null, end=null)
2025-05-07 15:12:38.163 [http-nio-8080-exec-1] INFO  com.itheima.controller.EmpController-分页查询: EmpQueryParam(page=1, pageSize=10, name=, gender=null, begin=null, end=null)
2025-05-07 15:13:46.834 [http-nio-8080-exec-5] INFO  com.itheima.controller.EmpController-分页查询: EmpQueryParam(page=1, pageSize=10, name=, gender=null, begin=null, end=null)
2025-05-07 15:14:01.136 [http-nio-8080-exec-3] INFO  com.itheima.controller.EmpController-分页查询: EmpQueryParam(page=1, pageSize=10, name=, gender=null, begin=null, end=null)
2025-05-07 15:15:54.453 [http-nio-8080-exec-2] INFO  com.itheima.controller.EmpController-分页查询: EmpQueryParam(page=1, pageSize=10, name=, gender=null, begin=null, end=null)
2025-05-07 15:21:55.714 [http-nio-8080-exec-6] INFO  com.itheima.controller.EmpController-分页查询: EmpQueryParam(page=1, pageSize=10, name=, gender=null, begin=null, end=null)
2025-05-07 15:23:06.850 [http-nio-8080-exec-7] INFO  com.itheima.controller.EmpController-分页查询: EmpQueryParam(page=1, pageSize=10, name=, gender=null, begin=null, end=null)
2025-05-07 15:24:02.380 [http-nio-8080-exec-8] INFO  com.itheima.controller.EmpController-分页查询: EmpQueryParam(page=1, pageSize=10, name=, gender=null, begin=null, end=null)
2025-05-07 15:24:05.204 [http-nio-8080-exec-4] INFO  com.itheima.controller.EmpController-分页查询: EmpQueryParam(page=1, pageSize=10, name=, gender=null, begin=null, end=null)
2025-05-07 15:24:05.326 [http-nio-8080-exec-9] INFO  com.itheima.controller.EmpController-分页查询: EmpQueryParam(page=1, pageSize=10, name=, gender=null, begin=null, end=null)
2025-05-07 15:24:10.457 [http-nio-8080-exec-10] INFO  com.itheima.controller.EmpController-分页查询: EmpQueryParam(page=1, pageSize=10, name=, gender=null, begin=null, end=null)
2025-05-07 15:24:16.715 [http-nio-8080-exec-1] INFO  com.itheima.controller.EmpController-分页查询: EmpQueryParam(page=1, pageSize=10, name=, gender=null, begin=null, end=null)
2025-05-07 15:25:14.353 [http-nio-8080-exec-5] INFO  com.itheima.controller.EmpController-分页查询: EmpQueryParam(page=1, pageSize=10, name=, gender=null, begin=null, end=null)
2025-05-07 15:26:06.076 [http-nio-8080-exec-3] INFO  com.itheima.controller.EmpController-分页查询: EmpQueryParam(page=1, pageSize=10, name=, gender=null, begin=null, end=null)
2025-05-07 15:36:30.926 [http-nio-8080-exec-2] INFO  com.itheima.controller.EmpController-分页查询: EmpQueryParam(page=1, pageSize=10, name=, gender=null, begin=null, end=null)
2025-05-07 15:37:22.714 [http-nio-8080-exec-6] INFO  com.itheima.controller.EmpController-分页查询: EmpQueryParam(page=1, pageSize=10, name=, gender=null, begin=null, end=null)
2025-05-07 15:37:25.938 [http-nio-8080-exec-7] INFO  com.itheima.controller.EmpController-分页查询: EmpQueryParam(page=1, pageSize=10, name=, gender=null, begin=null, end=null)
2025-05-07 15:41:45.180 [http-nio-8080-exec-8] INFO  com.itheima.controller.EmpController-分页查询: EmpQueryParam(page=1, pageSize=10, name=, gender=null, begin=null, end=null)
2025-05-07 15:41:54.116 [http-nio-8080-exec-4] INFO  com.itheima.controller.EmpController-分页查询: EmpQueryParam(page=1, pageSize=10, name=, gender=null, begin=null, end=null)
2025-05-07 15:42:04.178 [http-nio-8080-exec-9] INFO  com.itheima.controller.EmpController-分页查询: EmpQueryParam(page=1, pageSize=10, name=, gender=null, begin=null, end=null)
2025-05-07 15:42:10.393 [http-nio-8080-exec-10] INFO  com.itheima.controller.EmpController-分页查询: EmpQueryParam(page=1, pageSize=10, name=, gender=null, begin=null, end=null)
2025-05-07 15:42:10.904 [http-nio-8080-exec-1] INFO  com.itheima.controller.EmpController-分页查询: EmpQueryParam(page=1, pageSize=10, name=, gender=null, begin=null, end=null)
2025-05-07 15:42:20.283 [http-nio-8080-exec-5] INFO  com.itheima.controller.EmpController-分页查询: EmpQueryParam(page=1, pageSize=10, name=, gender=null, begin=null, end=null)
2025-05-07 15:43:09.115 [http-nio-8080-exec-3] INFO  com.itheima.controller.EmpController-分页查询: EmpQueryParam(page=1, pageSize=10, name=, gender=null, begin=null, end=null)
2025-05-07 15:46:40.125 [http-nio-8080-exec-2] INFO  com.itheima.controller.EmpController-分页查询: EmpQueryParam(page=1, pageSize=10, name=, gender=null, begin=null, end=null)
2025-05-07 16:09:19.042 [http-nio-8080-exec-6] INFO  com.itheima.controller.EmpController-分页查询: EmpQueryParam(page=1, pageSize=10, name=, gender=null, begin=null, end=null)
2025-05-07 16:09:21.800 [http-nio-8080-exec-7] INFO  com.itheima.controller.EmpController-分页查询: EmpQueryParam(page=1, pageSize=10, name=, gender=null, begin=null, end=null)
2025-05-07 16:09:22.437 [http-nio-8080-exec-8] INFO  com.itheima.controller.DeptController-查询全部部门数据
2025-05-07 16:09:23.275 [http-nio-8080-exec-4] INFO  com.itheima.controller.EmpController-分页查询: EmpQueryParam(page=1, pageSize=10, name=, gender=null, begin=null, end=null)
2025-05-07 16:14:23.500 [http-nio-8080-exec-9] INFO  com.itheima.controller.EmpController-分页查询: EmpQueryParam(page=1, pageSize=10, name=, gender=null, begin=null, end=null)
2025-05-07 16:14:45.905 [http-nio-8080-exec-10] INFO  com.itheima.controller.EmpController-分页查询: EmpQueryParam(page=1, pageSize=10, name=, gender=null, begin=null, end=null)
2025-05-07 16:28:08.126 [http-nio-8080-exec-1] INFO  com.itheima.controller.EmpController-分页查询: EmpQueryParam(page=1, pageSize=10, name=, gender=null, begin=null, end=null)
2025-05-07 16:28:08.132 [http-nio-8080-exec-5] INFO  com.itheima.controller.DeptController-查询全部部门数据
2025-05-07 16:31:06.783 [http-nio-8080-exec-3] INFO  com.itheima.controller.EmpController-分页查询: EmpQueryParam(page=1, pageSize=10, name=, gender=null, begin=null, end=null)
2025-05-07 16:31:06.786 [http-nio-8080-exec-2] INFO  com.itheima.controller.DeptController-查询全部部门数据
2025-05-07 16:31:18.515 [http-nio-8080-exec-7] INFO  com.itheima.controller.DeptController-查询全部部门数据
2025-05-07 16:31:18.515 [http-nio-8080-exec-6] INFO  com.itheima.controller.EmpController-分页查询: EmpQueryParam(page=1, pageSize=10, name=, gender=null, begin=null, end=null)
2025-05-07 16:31:21.556 [http-nio-8080-exec-8] INFO  com.itheima.controller.EmpController-分页查询: EmpQueryParam(page=1, pageSize=10, name=, gender=null, begin=null, end=null)
2025-05-07 16:31:21.561 [http-nio-8080-exec-4] INFO  com.itheima.controller.DeptController-查询全部部门数据
2025-05-07 16:31:30.376 [http-nio-8080-exec-9] INFO  com.itheima.controller.EmpController-分页查询: EmpQueryParam(page=1, pageSize=10, name=李, gender=null, begin=null, end=null)
2025-05-07 16:31:40.321 [http-nio-8080-exec-10] INFO  com.itheima.controller.EmpController-分页查询: EmpQueryParam(page=1, pageSize=10, name=, gender=null, begin=null, end=null)
2025-05-07 16:31:55.410 [http-nio-8080-exec-5] INFO  com.itheima.controller.EmpController-根据ID查询员工信息: 30
2025-05-07 21:56:21.705 [main] INFO  com.itheima.TliasWebManagementApplication-Starting TliasWebManagementApplication using Java 17.0.4.1 with PID 25584 (E:\my_project\tlias\tlias-web-management\target\classes started by forwardSun in E:\my_project\tlias)
2025-05-07 21:56:21.707 [main] INFO  com.itheima.TliasWebManagementApplication-No active profile set, falling back to 1 default profile: "default"
2025-05-07 21:56:22.565 [main] INFO  o.s.boot.web.embedded.tomcat.TomcatWebServer-Tomcat initialized with port 8080 (http)
2025-05-07 21:56:22.574 [main] INFO  org.apache.coyote.http11.Http11NioProtocol-Initializing ProtocolHandler ["http-nio-8080"]
2025-05-07 21:56:22.576 [main] INFO  org.apache.catalina.core.StandardService-Starting service [Tomcat]
2025-05-07 21:56:22.576 [main] INFO  org.apache.catalina.core.StandardEngine-Starting Servlet engine: [Apache Tomcat/10.1.30]
2025-05-07 21:56:22.611 [main] INFO  o.a.c.core.ContainerBase.[Tomcat].[localhost].[/]-Initializing Spring embedded WebApplicationContext
2025-05-07 21:56:22.611 [main] INFO  o.s.b.w.s.c.ServletWebServerApplicationContext-Root WebApplicationContext: initialization completed in 877 ms
2025-05-07 21:56:23.188 [main] INFO  org.apache.coyote.http11.Http11NioProtocol-Starting ProtocolHandler ["http-nio-8080"]
2025-05-07 21:56:23.200 [main] INFO  o.s.boot.web.embedded.tomcat.TomcatWebServer-Tomcat started on port 8080 (http) with context path ''
2025-05-07 21:56:23.206 [main] INFO  com.itheima.TliasWebManagementApplication-Started TliasWebManagementApplication in 1.762 seconds (process running for 7.076)
2025-05-07 21:56:28.470 [http-nio-8080-exec-1] INFO  o.a.c.core.ContainerBase.[Tomcat].[localhost].[/]-Initializing Spring DispatcherServlet 'dispatcherServlet'
2025-05-07 21:56:28.470 [http-nio-8080-exec-1] INFO  org.springframework.web.servlet.DispatcherServlet-Initializing Servlet 'dispatcherServlet'
2025-05-07 21:56:28.471 [http-nio-8080-exec-1] INFO  org.springframework.web.servlet.DispatcherServlet-Completed initialization in 1 ms
2025-05-07 21:56:28.539 [http-nio-8080-exec-1] INFO  com.itheima.controller.LoginController-登录: Emp(id=null, username=songjiang, password=123, name=null, gender=null, phone=null, job=null, salary=null, image=null, entryDate=null, deptId=null, createTime=null, updateTime=null, deptName=null, exprList=null)
2025-05-07 21:56:28.555 [http-nio-8080-exec-1] INFO  com.zaxxer.hikari.HikariDataSource-HikariPool-1 - Starting...
2025-05-07 21:56:28.838 [http-nio-8080-exec-1] INFO  com.zaxxer.hikari.pool.HikariPool-HikariPool-1 - Added connection com.mysql.cj.jdbc.ConnectionImpl@17836678
2025-05-07 21:56:28.839 [http-nio-8080-exec-1] INFO  com.zaxxer.hikari.HikariDataSource-HikariPool-1 - Start completed.
2025-05-07 21:56:35.417 [http-nio-8080-exec-4] INFO  com.itheima.controller.LoginController-登录: Emp(id=null, username=songjiang, password=123456, name=null, gender=null, phone=null, job=null, salary=null, image=null, entryDate=null, deptId=null, createTime=null, updateTime=null, deptName=null, exprList=null)
2025-05-07 21:56:35.429 [http-nio-8080-exec-4] INFO  com.itheima.service.impl.EmpServiceImpl-登录成功, 员工信息: Emp(id=2, username=songjiang, password=null, name=宋江, gender=null, phone=null, job=null, salary=null, image=null, entryDate=null, deptId=null, createTime=null, updateTime=null, deptName=null, exprList=null)
2025-05-07 22:00:59.011 [SpringApplicationShutdownHook] INFO  com.zaxxer.hikari.HikariDataSource-HikariPool-1 - Shutdown initiated...
2025-05-07 22:00:59.017 [SpringApplicationShutdownHook] INFO  com.zaxxer.hikari.HikariDataSource-HikariPool-1 - Shutdown completed.
2025-05-07 22:01:01.685 [main] INFO  com.itheima.TliasWebManagementApplication-Starting TliasWebManagementApplication using Java 17.0.4.1 with PID 32544 (E:\my_project\tlias\tlias-web-management\target\classes started by forwardSun in E:\my_project\tlias)
2025-05-07 22:01:01.687 [main] INFO  com.itheima.TliasWebManagementApplication-No active profile set, falling back to 1 default profile: "default"
2025-05-07 22:01:02.374 [main] INFO  o.s.boot.web.embedded.tomcat.TomcatWebServer-Tomcat initialized with port 8080 (http)
2025-05-07 22:01:02.384 [main] INFO  org.apache.coyote.http11.Http11NioProtocol-Initializing ProtocolHandler ["http-nio-8080"]
2025-05-07 22:01:02.386 [main] INFO  org.apache.catalina.core.StandardService-Starting service [Tomcat]
2025-05-07 22:01:02.386 [main] INFO  org.apache.catalina.core.StandardEngine-Starting Servlet engine: [Apache Tomcat/10.1.30]
2025-05-07 22:01:02.423 [main] INFO  o.a.c.core.ContainerBase.[Tomcat].[localhost].[/]-Initializing Spring embedded WebApplicationContext
2025-05-07 22:01:02.423 [main] INFO  o.s.b.w.s.c.ServletWebServerApplicationContext-Root WebApplicationContext: initialization completed in 715 ms
2025-05-07 22:01:02.932 [main] INFO  org.apache.coyote.http11.Http11NioProtocol-Starting ProtocolHandler ["http-nio-8080"]
2025-05-07 22:01:02.945 [main] INFO  o.s.boot.web.embedded.tomcat.TomcatWebServer-Tomcat started on port 8080 (http) with context path ''
2025-05-07 22:01:02.951 [main] INFO  com.itheima.TliasWebManagementApplication-Started TliasWebManagementApplication in 1.481 seconds (process running for 1.953)
2025-05-07 22:01:10.154 [http-nio-8080-exec-1] INFO  o.a.c.core.ContainerBase.[Tomcat].[localhost].[/]-Initializing Spring DispatcherServlet 'dispatcherServlet'
2025-05-07 22:01:10.154 [http-nio-8080-exec-1] INFO  org.springframework.web.servlet.DispatcherServlet-Initializing Servlet 'dispatcherServlet'
2025-05-07 22:01:10.154 [http-nio-8080-exec-1] INFO  org.springframework.web.servlet.DispatcherServlet-Completed initialization in 0 ms
2025-05-07 22:01:10.212 [http-nio-8080-exec-1] INFO  com.itheima.interceptor.DemoInterceptor-preHandle ....
2025-05-07 22:01:10.212 [http-nio-8080-exec-1] INFO  com.itheima.interceptor.TokenInterceptor-令牌为空, 响应401
2025-05-07 22:01:10.212 [http-nio-8080-exec-1] INFO  com.itheima.interceptor.DemoInterceptor-afterCompletion ....
2025-05-07 22:04:01.961 [http-nio-8080-exec-3] INFO  com.itheima.interceptor.DemoInterceptor-preHandle ....
2025-05-07 22:04:01.961 [http-nio-8080-exec-3] INFO  com.itheima.interceptor.TokenInterceptor-令牌为空, 响应401
2025-05-07 22:04:01.961 [http-nio-8080-exec-3] INFO  com.itheima.interceptor.DemoInterceptor-afterCompletion ....
2025-05-07 22:05:45.959 [http-nio-8080-exec-2] INFO  com.itheima.interceptor.DemoInterceptor-preHandle ....
2025-05-07 22:05:46.010 [http-nio-8080-exec-2] INFO  com.itheima.interceptor.TokenInterceptor-令牌合法, 放行
2025-05-07 22:05:46.018 [http-nio-8080-exec-2] INFO  com.itheima.controller.DeptController-查询全部部门数据
2025-05-07 22:05:46.030 [http-nio-8080-exec-2] INFO  com.zaxxer.hikari.HikariDataSource-HikariPool-1 - Starting...
2025-05-07 22:05:46.278 [http-nio-8080-exec-2] INFO  com.zaxxer.hikari.pool.HikariPool-HikariPool-1 - Added connection com.mysql.cj.jdbc.ConnectionImpl@35c7b7d2
2025-05-07 22:05:46.279 [http-nio-8080-exec-2] INFO  com.zaxxer.hikari.HikariDataSource-HikariPool-1 - Start completed.
2025-05-07 22:05:46.364 [http-nio-8080-exec-2] INFO  com.itheima.interceptor.DemoInterceptor-postHandle ....
2025-05-07 22:05:46.364 [http-nio-8080-exec-2] INFO  com.itheima.interceptor.DemoInterceptor-afterCompletion ....
2025-05-07 22:05:58.770 [http-nio-8080-exec-4] INFO  com.itheima.interceptor.DemoInterceptor-preHandle ....
2025-05-07 22:05:58.770 [http-nio-8080-exec-4] INFO  com.itheima.interceptor.TokenInterceptor-令牌为空, 响应401
2025-05-07 22:05:58.770 [http-nio-8080-exec-4] INFO  com.itheima.interceptor.DemoInterceptor-afterCompletion ....
2025-05-07 22:06:00.132 [http-nio-8080-exec-5] INFO  com.itheima.interceptor.DemoInterceptor-preHandle ....
2025-05-07 22:06:00.132 [http-nio-8080-exec-5] INFO  com.itheima.interceptor.TokenInterceptor-令牌为空, 响应401
2025-05-07 22:06:00.132 [http-nio-8080-exec-5] INFO  com.itheima.interceptor.DemoInterceptor-afterCompletion ....
2025-05-07 22:06:00.133 [http-nio-8080-exec-6] INFO  com.itheima.interceptor.DemoInterceptor-preHandle ....
2025-05-07 22:06:00.133 [http-nio-8080-exec-6] INFO  com.itheima.interceptor.TokenInterceptor-令牌为空, 响应401
2025-05-07 22:06:00.133 [http-nio-8080-exec-6] INFO  com.itheima.interceptor.DemoInterceptor-afterCompletion ....
2025-05-07 22:06:31.134 [http-nio-8080-exec-7] INFO  com.itheima.interceptor.DemoInterceptor-preHandle ....
2025-05-07 22:06:31.135 [http-nio-8080-exec-7] INFO  com.itheima.interceptor.TokenInterceptor-令牌合法, 放行
2025-05-07 22:06:31.135 [http-nio-8080-exec-7] INFO  com.itheima.controller.DeptController-查询全部部门数据
2025-05-07 22:06:31.142 [http-nio-8080-exec-7] INFO  com.itheima.interceptor.DemoInterceptor-postHandle ....
2025-05-07 22:06:31.142 [http-nio-8080-exec-7] INFO  com.itheima.interceptor.DemoInterceptor-afterCompletion ....
2025-05-07 22:06:32.144 [http-nio-8080-exec-9] INFO  com.itheima.interceptor.DemoInterceptor-preHandle ....
2025-05-07 22:06:32.144 [http-nio-8080-exec-10] INFO  com.itheima.interceptor.DemoInterceptor-preHandle ....
2025-05-07 22:06:32.146 [http-nio-8080-exec-10] INFO  com.itheima.interceptor.TokenInterceptor-令牌合法, 放行
2025-05-07 22:06:32.146 [http-nio-8080-exec-9] INFO  com.itheima.interceptor.TokenInterceptor-令牌合法, 放行
2025-05-07 22:06:32.146 [http-nio-8080-exec-9] INFO  com.itheima.controller.DeptController-查询全部部门数据
2025-05-07 22:06:32.155 [http-nio-8080-exec-9] INFO  com.itheima.interceptor.DemoInterceptor-postHandle ....
2025-05-07 22:06:32.155 [http-nio-8080-exec-9] INFO  com.itheima.interceptor.DemoInterceptor-afterCompletion ....
2025-05-07 22:06:32.162 [http-nio-8080-exec-10] INFO  com.itheima.controller.EmpController-分页查询: EmpQueryParam(page=1, pageSize=10, name=, gender=null, begin=null, end=null)
2025-05-07 22:06:32.227 [http-nio-8080-exec-10] INFO  com.itheima.interceptor.DemoInterceptor-postHandle ....
2025-05-07 22:06:32.227 [http-nio-8080-exec-10] INFO  com.itheima.interceptor.DemoInterceptor-afterCompletion ....
2025-05-07 22:06:36.597 [http-nio-8080-exec-1] INFO  com.itheima.interceptor.DemoInterceptor-preHandle ....
2025-05-07 22:06:36.597 [http-nio-8080-exec-8] INFO  com.itheima.interceptor.DemoInterceptor-preHandle ....
2025-05-07 22:06:36.598 [http-nio-8080-exec-1] INFO  com.itheima.interceptor.TokenInterceptor-令牌合法, 放行
2025-05-07 22:06:36.598 [http-nio-8080-exec-8] INFO  com.itheima.interceptor.TokenInterceptor-令牌合法, 放行
2025-05-07 22:06:36.598 [http-nio-8080-exec-1] INFO  com.itheima.controller.DeptController-查询全部部门数据
2025-05-07 22:06:36.599 [http-nio-8080-exec-8] INFO  com.itheima.controller.EmpController-分页查询: EmpQueryParam(page=1, pageSize=10, name=, gender=null, begin=null, end=null)
2025-05-07 22:06:36.604 [http-nio-8080-exec-1] INFO  com.itheima.interceptor.DemoInterceptor-postHandle ....
2025-05-07 22:06:36.604 [http-nio-8080-exec-1] INFO  com.itheima.interceptor.DemoInterceptor-afterCompletion ....
2025-05-07 22:06:36.618 [http-nio-8080-exec-8] INFO  com.itheima.interceptor.DemoInterceptor-postHandle ....
2025-05-07 22:06:36.618 [http-nio-8080-exec-8] INFO  com.itheima.interceptor.DemoInterceptor-afterCompletion ....
2025-05-07 22:06:37.857 [http-nio-8080-exec-3] INFO  com.itheima.interceptor.DemoInterceptor-preHandle ....
2025-05-07 22:06:37.857 [http-nio-8080-exec-3] INFO  com.itheima.interceptor.TokenInterceptor-令牌为空, 响应401
2025-05-07 22:06:37.857 [http-nio-8080-exec-3] INFO  com.itheima.interceptor.DemoInterceptor-afterCompletion ....
2025-05-07 22:10:40.490 [http-nio-8080-exec-2] INFO  com.itheima.interceptor.DemoInterceptor-preHandle ....
2025-05-07 22:10:40.491 [http-nio-8080-exec-2] INFO  com.itheima.interceptor.TokenInterceptor-令牌合法, 放行
2025-05-07 22:10:40.492 [http-nio-8080-exec-2] INFO  com.itheima.controller.EmpController-根据ID查询员工信息: 27
2025-05-07 22:10:40.502 [http-nio-8080-exec-2] INFO  com.itheima.interceptor.DemoInterceptor-postHandle ....
2025-05-07 22:10:40.502 [http-nio-8080-exec-2] INFO  com.itheima.interceptor.DemoInterceptor-afterCompletion ....
2025-05-07 22:10:47.808 [http-nio-8080-exec-4] INFO  com.itheima.interceptor.DemoInterceptor-preHandle ....
2025-05-07 22:10:47.810 [http-nio-8080-exec-4] INFO  com.itheima.interceptor.TokenInterceptor-令牌合法, 放行
2025-05-07 22:10:47.810 [http-nio-8080-exec-4] INFO  com.itheima.controller.UploadController-文件上传: wallhaven-7p39gy.png
2025-05-07 22:10:49.190 [http-nio-8080-exec-4] INFO  com.itheima.controller.UploadController-文件上传OSS, url: https://wdg.oss-cn-beijing.aliyuncs.com/2025/05/dc1487c1-f51a-47e8-9316-4cae40210b13.png
2025-05-07 22:10:49.192 [http-nio-8080-exec-4] INFO  com.itheima.interceptor.DemoInterceptor-postHandle ....
2025-05-07 22:10:49.192 [http-nio-8080-exec-4] INFO  com.itheima.interceptor.DemoInterceptor-afterCompletion ....
2025-05-07 22:21:11.029 [http-nio-8080-exec-5] INFO  com.itheima.interceptor.DemoInterceptor-preHandle ....
2025-05-07 22:21:11.029 [http-nio-8080-exec-6] INFO  com.itheima.interceptor.DemoInterceptor-preHandle ....
2025-05-07 22:21:11.030 [http-nio-8080-exec-5] INFO  com.itheima.interceptor.TokenInterceptor-令牌合法, 放行
2025-05-07 22:21:11.030 [http-nio-8080-exec-6] INFO  com.itheima.interceptor.TokenInterceptor-令牌合法, 放行
2025-05-07 22:21:11.030 [http-nio-8080-exec-5] INFO  com.itheima.controller.DeptController-查询全部部门数据
2025-05-07 22:21:11.031 [http-nio-8080-exec-6] INFO  com.itheima.controller.EmpController-分页查询: EmpQueryParam(page=1, pageSize=10, name=, gender=null, begin=null, end=null)
2025-05-07 22:21:11.034 [http-nio-8080-exec-5] INFO  com.itheima.interceptor.DemoInterceptor-postHandle ....
2025-05-07 22:21:11.034 [http-nio-8080-exec-5] INFO  com.itheima.interceptor.DemoInterceptor-afterCompletion ....
2025-05-07 22:21:11.038 [http-nio-8080-exec-6] INFO  com.itheima.interceptor.DemoInterceptor-postHandle ....
2025-05-07 22:21:11.040 [http-nio-8080-exec-6] INFO  com.itheima.interceptor.DemoInterceptor-afterCompletion ....
2025-05-07 22:24:35.957 [http-nio-8080-exec-7] INFO  com.itheima.interceptor.DemoInterceptor-preHandle ....
2025-05-07 22:24:35.962 [http-nio-8080-exec-7] INFO  com.itheima.interceptor.TokenInterceptor-令牌合法, 放行
2025-05-07 22:24:35.962 [http-nio-8080-exec-7] INFO  com.itheima.controller.DeptController-查询全部部门数据
2025-05-07 22:24:35.962 [http-nio-8080-exec-7] INFO  com.itheima.interceptor.DemoInterceptor-postHandle ....
2025-05-07 22:24:35.962 [http-nio-8080-exec-7] INFO  com.itheima.interceptor.DemoInterceptor-afterCompletion ....
2025-05-07 22:24:37.176 [http-nio-8080-exec-10] INFO  com.itheima.interceptor.DemoInterceptor-preHandle ....
2025-05-07 22:24:37.176 [http-nio-8080-exec-9] INFO  com.itheima.interceptor.DemoInterceptor-preHandle ....
2025-05-07 22:24:37.176 [http-nio-8080-exec-10] INFO  com.itheima.interceptor.TokenInterceptor-令牌合法, 放行
2025-05-07 22:24:37.176 [http-nio-8080-exec-9] INFO  com.itheima.interceptor.TokenInterceptor-令牌合法, 放行
2025-05-07 22:24:37.176 [http-nio-8080-exec-10] INFO  com.itheima.controller.DeptController-查询全部部门数据
2025-05-07 22:24:37.176 [http-nio-8080-exec-9] INFO  com.itheima.controller.EmpController-分页查询: EmpQueryParam(page=1, pageSize=10, name=, gender=null, begin=null, end=null)
2025-05-07 22:24:37.180 [http-nio-8080-exec-10] INFO  com.itheima.interceptor.DemoInterceptor-postHandle ....
2025-05-07 22:24:37.180 [http-nio-8080-exec-10] INFO  com.itheima.interceptor.DemoInterceptor-afterCompletion ....
2025-05-07 22:24:37.180 [http-nio-8080-exec-9] INFO  com.itheima.interceptor.DemoInterceptor-postHandle ....
2025-05-07 22:24:37.180 [http-nio-8080-exec-9] INFO  com.itheima.interceptor.DemoInterceptor-afterCompletion ....
2025-05-07 22:24:51.259 [http-nio-8080-exec-1] INFO  com.itheima.interceptor.DemoInterceptor-preHandle ....
2025-05-07 22:24:51.277 [http-nio-8080-exec-1] INFO  com.itheima.controller.LoginController-登录: Emp(id=null, username=songjiang, password=12345, name=null, gender=null, phone=null, job=null, salary=null, image=null, entryDate=null, deptId=null, createTime=null, updateTime=null, deptName=null, exprList=null)
2025-05-07 22:24:51.284 [http-nio-8080-exec-1] INFO  com.itheima.interceptor.DemoInterceptor-postHandle ....
2025-05-07 22:24:51.284 [http-nio-8080-exec-1] INFO  com.itheima.interceptor.DemoInterceptor-afterCompletion ....
2025-05-07 22:24:53.180 [http-nio-8080-exec-8] INFO  com.itheima.interceptor.DemoInterceptor-preHandle ....
2025-05-07 22:24:53.180 [http-nio-8080-exec-8] INFO  com.itheima.controller.LoginController-登录: Emp(id=null, username=songjiang, password=123456, name=null, gender=null, phone=null, job=null, salary=null, image=null, entryDate=null, deptId=null, createTime=null, updateTime=null, deptName=null, exprList=null)
2025-05-07 22:24:53.180 [http-nio-8080-exec-8] INFO  com.itheima.service.impl.EmpServiceImpl-登录成功, 员工信息: Emp(id=2, username=songjiang, password=null, name=宋江, gender=null, phone=null, job=null, salary=null, image=null, entryDate=null, deptId=null, createTime=null, updateTime=null, deptName=null, exprList=null)
2025-05-07 22:24:53.186 [http-nio-8080-exec-8] INFO  com.itheima.interceptor.DemoInterceptor-postHandle ....
2025-05-07 22:24:53.186 [http-nio-8080-exec-8] INFO  com.itheima.interceptor.DemoInterceptor-afterCompletion ....
2025-05-07 22:29:33.457 [http-nio-8080-exec-3] INFO  com.itheima.interceptor.DemoInterceptor-preHandle ....
2025-05-07 22:29:33.457 [http-nio-8080-exec-3] INFO  com.itheima.interceptor.TokenInterceptor-令牌为空, 响应401
2025-05-07 22:29:33.457 [http-nio-8080-exec-3] INFO  com.itheima.interceptor.DemoInterceptor-afterCompletion ....
2025-05-07 22:29:42.578 [http-nio-8080-exec-2] INFO  com.itheima.interceptor.DemoInterceptor-preHandle ....
2025-05-07 22:29:42.578 [http-nio-8080-exec-2] INFO  com.itheima.controller.LoginController-登录: Emp(id=null, username=songjiang, password=12345, name=null, gender=null, phone=null, job=null, salary=null, image=null, entryDate=null, deptId=null, createTime=null, updateTime=null, deptName=null, exprList=null)
2025-05-07 22:29:42.578 [http-nio-8080-exec-2] INFO  com.itheima.interceptor.DemoInterceptor-postHandle ....
2025-05-07 22:29:42.578 [http-nio-8080-exec-2] INFO  com.itheima.interceptor.DemoInterceptor-afterCompletion ....
2025-05-07 22:29:45.633 [http-nio-8080-exec-4] INFO  com.itheima.interceptor.DemoInterceptor-preHandle ....
2025-05-07 22:29:45.633 [http-nio-8080-exec-4] INFO  com.itheima.controller.LoginController-登录: Emp(id=null, username=songjiang, password=123456, name=null, gender=null, phone=null, job=null, salary=null, image=null, entryDate=null, deptId=null, createTime=null, updateTime=null, deptName=null, exprList=null)
2025-05-07 22:29:45.641 [http-nio-8080-exec-4] INFO  com.itheima.service.impl.EmpServiceImpl-登录成功, 员工信息: Emp(id=2, username=songjiang, password=null, name=宋江, gender=null, phone=null, job=null, salary=null, image=null, entryDate=null, deptId=null, createTime=null, updateTime=null, deptName=null, exprList=null)
2025-05-07 22:29:45.641 [http-nio-8080-exec-4] INFO  com.itheima.interceptor.DemoInterceptor-postHandle ....
2025-05-07 22:29:45.641 [http-nio-8080-exec-4] INFO  com.itheima.interceptor.DemoInterceptor-afterCompletion ....
2025-05-07 22:29:47.470 [http-nio-8080-exec-5] INFO  com.itheima.interceptor.DemoInterceptor-preHandle ....
2025-05-07 22:29:47.470 [http-nio-8080-exec-5] INFO  com.itheima.interceptor.TokenInterceptor-令牌合法, 放行
2025-05-07 22:29:47.475 [http-nio-8080-exec-5] INFO  com.itheima.controller.DeptController-查询全部部门数据
2025-05-07 22:29:47.478 [http-nio-8080-exec-5] INFO  com.itheima.interceptor.DemoInterceptor-postHandle ....
2025-05-07 22:29:47.478 [http-nio-8080-exec-5] INFO  com.itheima.interceptor.DemoInterceptor-afterCompletion ....
2025-05-07 22:29:48.021 [http-nio-8080-exec-7] INFO  com.itheima.interceptor.DemoInterceptor-preHandle ....
2025-05-07 22:29:48.021 [http-nio-8080-exec-6] INFO  com.itheima.interceptor.DemoInterceptor-preHandle ....
2025-05-07 22:29:48.022 [http-nio-8080-exec-7] INFO  com.itheima.interceptor.TokenInterceptor-令牌合法, 放行
2025-05-07 22:29:48.022 [http-nio-8080-exec-6] INFO  com.itheima.interceptor.TokenInterceptor-令牌合法, 放行
2025-05-07 22:29:48.022 [http-nio-8080-exec-6] INFO  com.itheima.controller.DeptController-查询全部部门数据
2025-05-07 22:29:48.022 [http-nio-8080-exec-7] INFO  com.itheima.controller.EmpController-分页查询: EmpQueryParam(page=1, pageSize=10, name=, gender=null, begin=null, end=null)
2025-05-07 22:29:48.026 [http-nio-8080-exec-6] INFO  com.itheima.interceptor.DemoInterceptor-postHandle ....
2025-05-07 22:29:48.026 [http-nio-8080-exec-6] INFO  com.itheima.interceptor.DemoInterceptor-afterCompletion ....
2025-05-07 22:29:48.030 [http-nio-8080-exec-7] INFO  com.itheima.interceptor.DemoInterceptor-postHandle ....
2025-05-07 22:29:48.030 [http-nio-8080-exec-7] INFO  com.itheima.interceptor.DemoInterceptor-afterCompletion ....
2025-05-07 22:34:33.225 [http-nio-8080-exec-10] INFO  com.itheima.interceptor.DemoInterceptor-preHandle ....
2025-05-07 22:34:33.225 [http-nio-8080-exec-9] INFO  com.itheima.interceptor.DemoInterceptor-preHandle ....
2025-05-07 22:34:33.226 [http-nio-8080-exec-9] INFO  com.itheima.interceptor.TokenInterceptor-令牌合法, 放行
2025-05-07 22:34:33.226 [http-nio-8080-exec-10] INFO  com.itheima.interceptor.TokenInterceptor-令牌合法, 放行
2025-05-07 22:34:33.226 [http-nio-8080-exec-10] INFO  com.itheima.controller.DeptController-查询全部部门数据
2025-05-07 22:34:33.226 [http-nio-8080-exec-9] INFO  com.itheima.controller.EmpController-分页查询: EmpQueryParam(page=1, pageSize=10, name=, gender=null, begin=null, end=null)
2025-05-07 22:34:33.229 [http-nio-8080-exec-10] INFO  com.itheima.interceptor.DemoInterceptor-postHandle ....
2025-05-07 22:34:33.229 [http-nio-8080-exec-10] INFO  com.itheima.interceptor.DemoInterceptor-afterCompletion ....
2025-05-07 22:34:33.231 [http-nio-8080-exec-9] INFO  com.itheima.interceptor.DemoInterceptor-postHandle ....
2025-05-07 22:34:33.232 [http-nio-8080-exec-9] INFO  com.itheima.interceptor.DemoInterceptor-afterCompletion ....
2025-05-07 22:43:38.814 [http-nio-8080-exec-1] INFO  com.itheima.interceptor.DemoInterceptor-preHandle ....
2025-05-07 22:43:38.814 [http-nio-8080-exec-8] INFO  com.itheima.interceptor.DemoInterceptor-preHandle ....
2025-05-07 22:43:38.816 [http-nio-8080-exec-1] INFO  com.itheima.interceptor.TokenInterceptor-令牌合法, 放行
2025-05-07 22:43:38.816 [http-nio-8080-exec-8] INFO  com.itheima.interceptor.TokenInterceptor-令牌合法, 放行
2025-05-07 22:43:38.816 [http-nio-8080-exec-8] INFO  com.itheima.controller.DeptController-查询全部部门数据
2025-05-07 22:43:38.817 [http-nio-8080-exec-1] INFO  com.itheima.controller.EmpController-分页查询: EmpQueryParam(page=1, pageSize=10, name=, gender=null, begin=null, end=null)
2025-05-07 22:43:38.824 [http-nio-8080-exec-8] INFO  com.itheima.interceptor.DemoInterceptor-postHandle ....
2025-05-07 22:43:38.824 [http-nio-8080-exec-8] INFO  com.itheima.interceptor.DemoInterceptor-afterCompletion ....
2025-05-07 22:43:38.828 [http-nio-8080-exec-1] INFO  com.itheima.interceptor.DemoInterceptor-postHandle ....
2025-05-07 22:43:38.828 [http-nio-8080-exec-1] INFO  com.itheima.interceptor.DemoInterceptor-afterCompletion ....
2025-05-07 22:54:17.816 [http-nio-8080-exec-3] INFO  com.itheima.interceptor.DemoInterceptor-preHandle ....
2025-05-07 22:54:17.816 [http-nio-8080-exec-3] INFO  com.itheima.interceptor.TokenInterceptor-令牌为空, 响应401
2025-05-07 22:54:17.816 [http-nio-8080-exec-3] INFO  com.itheima.interceptor.DemoInterceptor-afterCompletion ....
2025-05-07 22:54:19.896 [http-nio-8080-exec-2] INFO  com.itheima.interceptor.DemoInterceptor-preHandle ....
2025-05-07 22:54:19.900 [http-nio-8080-exec-2] INFO  com.itheima.controller.LoginController-登录: Emp(id=null, username=root, password=root, name=null, gender=null, phone=null, job=null, salary=null, image=null, entryDate=null, deptId=null, createTime=null, updateTime=null, deptName=null, exprList=null)
2025-05-07 22:54:19.911 [http-nio-8080-exec-2] INFO  com.itheima.interceptor.DemoInterceptor-postHandle ....
2025-05-07 22:54:19.911 [http-nio-8080-exec-2] INFO  com.itheima.interceptor.DemoInterceptor-afterCompletion ....
2025-05-07 22:54:28.147 [http-nio-8080-exec-4] INFO  com.itheima.interceptor.DemoInterceptor-preHandle ....
2025-05-07 22:54:28.151 [http-nio-8080-exec-4] INFO  com.itheima.controller.LoginController-登录: Emp(id=null, username=songjiang, password=123456, name=null, gender=null, phone=null, job=null, salary=null, image=null, entryDate=null, deptId=null, createTime=null, updateTime=null, deptName=null, exprList=null)
2025-05-07 22:54:28.151 [http-nio-8080-exec-4] INFO  com.itheima.service.impl.EmpServiceImpl-登录成功, 员工信息: Emp(id=2, username=songjiang, password=null, name=宋江, gender=null, phone=null, job=null, salary=null, image=null, entryDate=null, deptId=null, createTime=null, updateTime=null, deptName=null, exprList=null)
2025-05-07 22:54:28.151 [http-nio-8080-exec-4] INFO  com.itheima.interceptor.DemoInterceptor-postHandle ....
2025-05-07 22:54:28.151 [http-nio-8080-exec-4] INFO  com.itheima.interceptor.DemoInterceptor-afterCompletion ....
2025-05-07 23:01:44.432 [http-nio-8080-exec-5] INFO  com.itheima.interceptor.DemoInterceptor-preHandle ....
2025-05-07 23:01:44.433 [http-nio-8080-exec-5] INFO  com.itheima.interceptor.TokenInterceptor-令牌合法, 放行
2025-05-07 23:01:44.461 [http-nio-8080-exec-5] INFO  com.itheima.controller.EmpController-分页查询: EmpQueryParam(page=1, pageSize=10, name=, gender=null, begin=null, end=null)
2025-05-07 23:01:44.461 [http-nio-8080-exec-6] INFO  com.itheima.interceptor.DemoInterceptor-preHandle ....
2025-05-07 23:01:44.461 [http-nio-8080-exec-6] INFO  com.itheima.interceptor.TokenInterceptor-令牌合法, 放行
2025-05-07 23:01:44.461 [http-nio-8080-exec-6] INFO  com.itheima.controller.DeptController-查询全部部门数据
2025-05-07 23:01:44.465 [http-nio-8080-exec-6] INFO  com.itheima.interceptor.DemoInterceptor-postHandle ....
2025-05-07 23:01:44.465 [http-nio-8080-exec-6] INFO  com.itheima.interceptor.DemoInterceptor-afterCompletion ....
2025-05-07 23:01:44.465 [http-nio-8080-exec-5] INFO  com.itheima.interceptor.DemoInterceptor-postHandle ....
2025-05-07 23:01:44.465 [http-nio-8080-exec-5] INFO  com.itheima.interceptor.DemoInterceptor-afterCompletion ....
2025-05-07 23:01:45.611 [http-nio-8080-exec-7] INFO  com.itheima.interceptor.DemoInterceptor-preHandle ....
2025-05-07 23:01:45.611 [http-nio-8080-exec-7] INFO  com.itheima.interceptor.TokenInterceptor-令牌合法, 放行
2025-05-07 23:01:45.611 [http-nio-8080-exec-7] INFO  com.itheima.controller.DeptController-查询全部部门数据
2025-05-07 23:01:45.615 [http-nio-8080-exec-7] INFO  com.itheima.interceptor.DemoInterceptor-postHandle ....
2025-05-07 23:01:45.616 [http-nio-8080-exec-7] INFO  com.itheima.interceptor.DemoInterceptor-afterCompletion ....
2025-05-07 23:14:23.142 [http-nio-8080-exec-9] INFO  com.itheima.interceptor.DemoInterceptor-preHandle ....
2025-05-07 23:14:23.143 [http-nio-8080-exec-10] INFO  com.itheima.interceptor.DemoInterceptor-preHandle ....
2025-05-07 23:14:23.145 [http-nio-8080-exec-9] INFO  com.itheima.interceptor.TokenInterceptor-令牌合法, 放行
2025-05-07 23:14:23.146 [http-nio-8080-exec-9] INFO  com.itheima.controller.EmpController-查询所有的员工数据
2025-05-07 23:14:23.146 [http-nio-8080-exec-10] INFO  com.itheima.interceptor.TokenInterceptor-令牌合法, 放行
2025-05-07 23:14:23.166 [http-nio-8080-exec-9] INFO  com.itheima.interceptor.DemoInterceptor-postHandle ....
2025-05-07 23:14:23.166 [http-nio-8080-exec-9] INFO  com.itheima.interceptor.DemoInterceptor-afterCompletion ....
2025-05-07 23:14:23.307 [http-nio-8080-exec-10] INFO  com.itheima.interceptor.DemoInterceptor-postHandle ....
2025-05-07 23:14:23.308 [http-nio-8080-exec-10] INFO  com.itheima.interceptor.DemoInterceptor-afterCompletion ....
2025-05-07 23:14:24.253 [http-nio-8080-exec-1] INFO  com.itheima.interceptor.DemoInterceptor-preHandle ....
2025-05-07 23:14:24.253 [http-nio-8080-exec-8] INFO  com.itheima.interceptor.DemoInterceptor-preHandle ....
2025-05-07 23:14:24.254 [http-nio-8080-exec-1] INFO  com.itheima.interceptor.TokenInterceptor-令牌合法, 放行
2025-05-07 23:14:24.254 [http-nio-8080-exec-8] INFO  com.itheima.interceptor.TokenInterceptor-令牌合法, 放行
2025-05-07 23:14:24.274 [http-nio-8080-exec-1] INFO  com.itheima.interceptor.DemoInterceptor-postHandle ....
2025-05-07 23:14:24.274 [http-nio-8080-exec-1] INFO  com.itheima.interceptor.DemoInterceptor-afterCompletion ....
2025-05-07 23:14:24.353 [http-nio-8080-exec-8] INFO  com.itheima.interceptor.DemoInterceptor-postHandle ....
2025-05-07 23:14:24.353 [http-nio-8080-exec-8] INFO  com.itheima.interceptor.DemoInterceptor-afterCompletion ....
2025-05-07 23:14:26.233 [http-nio-8080-exec-3] INFO  com.itheima.interceptor.DemoInterceptor-preHandle ....
2025-05-07 23:14:26.234 [http-nio-8080-exec-3] INFO  com.itheima.interceptor.TokenInterceptor-令牌合法, 放行
2025-05-07 23:14:26.234 [http-nio-8080-exec-3] INFO  com.itheima.controller.DeptController-查询全部部门数据
2025-05-07 23:14:26.237 [http-nio-8080-exec-3] INFO  com.itheima.interceptor.DemoInterceptor-postHandle ....
2025-05-07 23:14:26.237 [http-nio-8080-exec-3] INFO  com.itheima.interceptor.DemoInterceptor-afterCompletion ....
2025-05-07 23:14:26.710 [http-nio-8080-exec-2] INFO  com.itheima.interceptor.DemoInterceptor-preHandle ....
2025-05-07 23:14:26.711 [http-nio-8080-exec-2] INFO  com.itheima.interceptor.TokenInterceptor-令牌合法, 放行
2025-05-07 23:14:26.711 [http-nio-8080-exec-2] INFO  com.itheima.controller.DeptController-查询全部部门数据
2025-05-07 23:14:26.712 [http-nio-8080-exec-4] INFO  com.itheima.interceptor.DemoInterceptor-preHandle ....
2025-05-07 23:14:26.713 [http-nio-8080-exec-4] INFO  com.itheima.interceptor.TokenInterceptor-令牌合法, 放行
2025-05-07 23:14:26.713 [http-nio-8080-exec-4] INFO  com.itheima.controller.EmpController-分页查询: EmpQueryParam(page=1, pageSize=10, name=, gender=null, begin=null, end=null)
2025-05-07 23:14:26.716 [http-nio-8080-exec-2] INFO  com.itheima.interceptor.DemoInterceptor-postHandle ....
2025-05-07 23:14:26.716 [http-nio-8080-exec-2] INFO  com.itheima.interceptor.DemoInterceptor-afterCompletion ....
2025-05-07 23:14:26.722 [http-nio-8080-exec-4] INFO  com.itheima.interceptor.DemoInterceptor-postHandle ....
2025-05-07 23:14:26.722 [http-nio-8080-exec-4] INFO  com.itheima.interceptor.DemoInterceptor-afterCompletion ....
2025-05-07 23:14:27.686 [http-nio-8080-exec-6] INFO  com.itheima.interceptor.DemoInterceptor-preHandle ....
2025-05-07 23:14:27.688 [http-nio-8080-exec-6] INFO  com.itheima.interceptor.TokenInterceptor-令牌合法, 放行
2025-05-07 23:14:27.688 [http-nio-8080-exec-6] INFO  com.itheima.controller.ReportController-统计员工职位人数
2025-05-07 23:14:27.698 [http-nio-8080-exec-5] INFO  com.itheima.interceptor.DemoInterceptor-preHandle ....
2025-05-07 23:14:27.699 [http-nio-8080-exec-5] INFO  com.itheima.interceptor.TokenInterceptor-令牌合法, 放行
2025-05-07 23:14:27.700 [http-nio-8080-exec-5] INFO  com.itheima.controller.ReportController-统计员工性别人数
2025-05-07 23:14:27.704 [http-nio-8080-exec-6] INFO  com.itheima.interceptor.DemoInterceptor-postHandle ....
2025-05-07 23:14:27.705 [http-nio-8080-exec-5] INFO  com.itheima.interceptor.DemoInterceptor-postHandle ....
2025-05-07 23:14:27.705 [http-nio-8080-exec-6] INFO  com.itheima.interceptor.DemoInterceptor-afterCompletion ....
2025-05-07 23:14:27.705 [http-nio-8080-exec-5] INFO  com.itheima.interceptor.DemoInterceptor-afterCompletion ....
2025-05-07 23:14:28.727 [http-nio-8080-exec-9] INFO  com.itheima.interceptor.DemoInterceptor-preHandle ....
2025-05-07 23:14:28.727 [http-nio-8080-exec-7] INFO  com.itheima.interceptor.DemoInterceptor-preHandle ....
2025-05-07 23:14:28.729 [http-nio-8080-exec-9] INFO  com.itheima.interceptor.TokenInterceptor-令牌合法, 放行
2025-05-07 23:14:28.730 [http-nio-8080-exec-7] INFO  com.itheima.interceptor.TokenInterceptor-令牌合法, 放行
2025-05-07 23:14:28.731 [http-nio-8080-exec-7] INFO  com.itheima.controller.ReportController-班级人数统计
2025-05-07 23:14:28.731 [http-nio-8080-exec-9] INFO  com.itheima.controller.ReportController-统计学员的学历信息
2025-05-07 23:14:28.736 [http-nio-8080-exec-9] INFO  com.itheima.interceptor.DemoInterceptor-postHandle ....
2025-05-07 23:14:28.736 [http-nio-8080-exec-9] INFO  com.itheima.interceptor.DemoInterceptor-afterCompletion ....
2025-05-07 23:14:28.736 [http-nio-8080-exec-7] INFO  com.itheima.interceptor.DemoInterceptor-postHandle ....
2025-05-07 23:14:28.736 [http-nio-8080-exec-7] INFO  com.itheima.interceptor.DemoInterceptor-afterCompletion ....
2025-05-07 23:14:30.235 [http-nio-8080-exec-10] INFO  com.itheima.interceptor.DemoInterceptor-preHandle ....
2025-05-07 23:14:30.235 [http-nio-8080-exec-10] INFO  com.itheima.interceptor.TokenInterceptor-令牌合法, 放行
2025-05-07 23:14:30.262 [http-nio-8080-exec-10] ERROR com.itheima.exception.GlobalExceptionHandler-程序出错啦~
org.springframework.web.servlet.resource.NoResourceFoundException: No static resource log/page.
	at org.springframework.web.servlet.resource.ResourceHttpRequestHandler.handleRequest(ResourceHttpRequestHandler.java:585)
	at org.springframework.web.servlet.mvc.HttpRequestHandlerAdapter.handle(HttpRequestHandlerAdapter.java:52)
	at org.springframework.web.servlet.DispatcherServlet.doDispatch(DispatcherServlet.java:1089)
	at org.springframework.web.servlet.DispatcherServlet.doService(DispatcherServlet.java:979)
	at org.springframework.web.servlet.FrameworkServlet.processRequest(FrameworkServlet.java:1014)
	at org.springframework.web.servlet.FrameworkServlet.doGet(FrameworkServlet.java:903)
	at jakarta.servlet.http.HttpServlet.service(HttpServlet.java:564)
	at org.springframework.web.servlet.FrameworkServlet.service(FrameworkServlet.java:885)
	at jakarta.servlet.http.HttpServlet.service(HttpServlet.java:658)
	at org.apache.catalina.core.ApplicationFilterChain.internalDoFilter(ApplicationFilterChain.java:195)
	at org.apache.catalina.core.ApplicationFilterChain.doFilter(ApplicationFilterChain.java:140)
	at org.apache.tomcat.websocket.server.WsFilter.doFilter(WsFilter.java:51)
	at org.apache.catalina.core.ApplicationFilterChain.internalDoFilter(ApplicationFilterChain.java:164)
	at org.apache.catalina.core.ApplicationFilterChain.doFilter(ApplicationFilterChain.java:140)
	at org.springframework.web.filter.RequestContextFilter.doFilterInternal(RequestContextFilter.java:100)
	at org.springframework.web.filter.OncePerRequestFilter.doFilter(OncePerRequestFilter.java:116)
	at org.apache.catalina.core.ApplicationFilterChain.internalDoFilter(ApplicationFilterChain.java:164)
	at org.apache.catalina.core.ApplicationFilterChain.doFilter(ApplicationFilterChain.java:140)
	at org.springframework.web.filter.FormContentFilter.doFilterInternal(FormContentFilter.java:93)
	at org.springframework.web.filter.OncePerRequestFilter.doFilter(OncePerRequestFilter.java:116)
	at org.apache.catalina.core.ApplicationFilterChain.internalDoFilter(ApplicationFilterChain.java:164)
	at org.apache.catalina.core.ApplicationFilterChain.doFilter(ApplicationFilterChain.java:140)
	at org.springframework.web.filter.CharacterEncodingFilter.doFilterInternal(CharacterEncodingFilter.java:201)
	at org.springframework.web.filter.OncePerRequestFilter.doFilter(OncePerRequestFilter.java:116)
	at org.apache.catalina.core.ApplicationFilterChain.internalDoFilter(ApplicationFilterChain.java:164)
	at org.apache.catalina.core.ApplicationFilterChain.doFilter(ApplicationFilterChain.java:140)
	at org.apache.catalina.core.StandardWrapperValve.invoke(StandardWrapperValve.java:167)
	at org.apache.catalina.core.StandardContextValve.invoke(StandardContextValve.java:90)
	at org.apache.catalina.authenticator.AuthenticatorBase.invoke(AuthenticatorBase.java:483)
	at org.apache.catalina.core.StandardHostValve.invoke(StandardHostValve.java:115)
	at org.apache.catalina.valves.ErrorReportValve.invoke(ErrorReportValve.java:93)
	at org.apache.catalina.core.StandardEngineValve.invoke(StandardEngineValve.java:74)
	at org.apache.catalina.connector.CoyoteAdapter.service(CoyoteAdapter.java:344)
	at org.apache.coyote.http11.Http11Processor.service(Http11Processor.java:384)
	at org.apache.coyote.AbstractProcessorLight.process(AbstractProcessorLight.java:63)
	at org.apache.coyote.AbstractProtocol$ConnectionHandler.process(AbstractProtocol.java:905)
	at org.apache.tomcat.util.net.NioEndpoint$SocketProcessor.doRun(NioEndpoint.java:1741)
	at org.apache.tomcat.util.net.SocketProcessorBase.run(SocketProcessorBase.java:52)
	at org.apache.tomcat.util.threads.ThreadPoolExecutor.runWorker(ThreadPoolExecutor.java:1190)
	at org.apache.tomcat.util.threads.ThreadPoolExecutor$Worker.run(ThreadPoolExecutor.java:659)
	at org.apache.tomcat.util.threads.TaskThread$WrappingRunnable.run(TaskThread.java:63)
	at java.base/java.lang.Thread.run(Thread.java:833)
2025-05-07 23:14:30.272 [http-nio-8080-exec-10] INFO  com.itheima.interceptor.DemoInterceptor-afterCompletion ....
2025-05-07 23:14:33.556 [http-nio-8080-exec-1] INFO  com.itheima.interceptor.DemoInterceptor-preHandle ....
2025-05-07 23:14:33.557 [http-nio-8080-exec-1] INFO  com.itheima.interceptor.TokenInterceptor-令牌合法, 放行
2025-05-07 23:14:33.558 [http-nio-8080-exec-1] ERROR com.itheima.exception.GlobalExceptionHandler-程序出错啦~
org.springframework.web.servlet.resource.NoResourceFoundException: No static resource log/page.
	at org.springframework.web.servlet.resource.ResourceHttpRequestHandler.handleRequest(ResourceHttpRequestHandler.java:585)
	at org.springframework.web.servlet.mvc.HttpRequestHandlerAdapter.handle(HttpRequestHandlerAdapter.java:52)
	at org.springframework.web.servlet.DispatcherServlet.doDispatch(DispatcherServlet.java:1089)
	at org.springframework.web.servlet.DispatcherServlet.doService(DispatcherServlet.java:979)
	at org.springframework.web.servlet.FrameworkServlet.processRequest(FrameworkServlet.java:1014)
	at org.springframework.web.servlet.FrameworkServlet.doGet(FrameworkServlet.java:903)
	at jakarta.servlet.http.HttpServlet.service(HttpServlet.java:564)
	at org.springframework.web.servlet.FrameworkServlet.service(FrameworkServlet.java:885)
	at jakarta.servlet.http.HttpServlet.service(HttpServlet.java:658)
	at org.apache.catalina.core.ApplicationFilterChain.internalDoFilter(ApplicationFilterChain.java:195)
	at org.apache.catalina.core.ApplicationFilterChain.doFilter(ApplicationFilterChain.java:140)
	at org.apache.tomcat.websocket.server.WsFilter.doFilter(WsFilter.java:51)
	at org.apache.catalina.core.ApplicationFilterChain.internalDoFilter(ApplicationFilterChain.java:164)
	at org.apache.catalina.core.ApplicationFilterChain.doFilter(ApplicationFilterChain.java:140)
	at org.springframework.web.filter.RequestContextFilter.doFilterInternal(RequestContextFilter.java:100)
	at org.springframework.web.filter.OncePerRequestFilter.doFilter(OncePerRequestFilter.java:116)
	at org.apache.catalina.core.ApplicationFilterChain.internalDoFilter(ApplicationFilterChain.java:164)
	at org.apache.catalina.core.ApplicationFilterChain.doFilter(ApplicationFilterChain.java:140)
	at org.springframework.web.filter.FormContentFilter.doFilterInternal(FormContentFilter.java:93)
	at org.springframework.web.filter.OncePerRequestFilter.doFilter(OncePerRequestFilter.java:116)
	at org.apache.catalina.core.ApplicationFilterChain.internalDoFilter(ApplicationFilterChain.java:164)
	at org.apache.catalina.core.ApplicationFilterChain.doFilter(ApplicationFilterChain.java:140)
	at org.springframework.web.filter.CharacterEncodingFilter.doFilterInternal(CharacterEncodingFilter.java:201)
	at org.springframework.web.filter.OncePerRequestFilter.doFilter(OncePerRequestFilter.java:116)
	at org.apache.catalina.core.ApplicationFilterChain.internalDoFilter(ApplicationFilterChain.java:164)
	at org.apache.catalina.core.ApplicationFilterChain.doFilter(ApplicationFilterChain.java:140)
	at org.apache.catalina.core.StandardWrapperValve.invoke(StandardWrapperValve.java:167)
	at org.apache.catalina.core.StandardContextValve.invoke(StandardContextValve.java:90)
	at org.apache.catalina.authenticator.AuthenticatorBase.invoke(AuthenticatorBase.java:483)
	at org.apache.catalina.core.StandardHostValve.invoke(StandardHostValve.java:115)
	at org.apache.catalina.valves.ErrorReportValve.invoke(ErrorReportValve.java:93)
	at org.apache.catalina.core.StandardEngineValve.invoke(StandardEngineValve.java:74)
	at org.apache.catalina.connector.CoyoteAdapter.service(CoyoteAdapter.java:344)
	at org.apache.coyote.http11.Http11Processor.service(Http11Processor.java:384)
	at org.apache.coyote.AbstractProcessorLight.process(AbstractProcessorLight.java:63)
	at org.apache.coyote.AbstractProtocol$ConnectionHandler.process(AbstractProtocol.java:905)
	at org.apache.tomcat.util.net.NioEndpoint$SocketProcessor.doRun(NioEndpoint.java:1741)
	at org.apache.tomcat.util.net.SocketProcessorBase.run(SocketProcessorBase.java:52)
	at org.apache.tomcat.util.threads.ThreadPoolExecutor.runWorker(ThreadPoolExecutor.java:1190)
	at org.apache.tomcat.util.threads.ThreadPoolExecutor$Worker.run(ThreadPoolExecutor.java:659)
	at org.apache.tomcat.util.threads.TaskThread$WrappingRunnable.run(TaskThread.java:63)
	at java.base/java.lang.Thread.run(Thread.java:833)
2025-05-07 23:14:33.559 [http-nio-8080-exec-1] INFO  com.itheima.interceptor.DemoInterceptor-afterCompletion ....
2025-05-07 23:14:47.482 [http-nio-8080-exec-8] INFO  com.itheima.interceptor.DemoInterceptor-preHandle ....
2025-05-07 23:14:47.482 [http-nio-8080-exec-8] INFO  com.itheima.interceptor.TokenInterceptor-令牌为空, 响应401
2025-05-07 23:14:47.482 [http-nio-8080-exec-8] INFO  com.itheima.interceptor.DemoInterceptor-afterCompletion ....
2025-05-07 23:15:26.943 [SpringApplicationShutdownHook] INFO  com.zaxxer.hikari.HikariDataSource-HikariPool-1 - Shutdown initiated...
2025-05-07 23:15:26.951 [SpringApplicationShutdownHook] INFO  com.zaxxer.hikari.HikariDataSource-HikariPool-1 - Shutdown completed.
