2025-05-08 19:14:02.593 [main] INFO  com.itheima.TliasWebManagementApplication-Starting TliasWebManagementApplication using Java 17.0.4.1 with PID 29380 (E:\my_project\tlias\tlias-web-management\target\classes started by forwardSun in E:\my_project\tlias)
2025-05-08 19:14:02.596 [main] INFO  com.itheima.TliasWebManagementApplication-No active profile set, falling back to 1 default profile: "default"
2025-05-08 19:14:03.452 [main] INFO  o.s.boot.web.embedded.tomcat.TomcatWebServer-Tomcat initialized with port 8080 (http)
2025-05-08 19:14:03.460 [main] INFO  org.apache.coyote.http11.Http11NioProtocol-Initializing ProtocolHandler ["http-nio-8080"]
2025-05-08 19:14:03.462 [main] INFO  org.apache.catalina.core.StandardService-Starting service [Tomcat]
2025-05-08 19:14:03.462 [main] INFO  org.apache.catalina.core.StandardEngine-Starting Servlet engine: [Apache Tomcat/10.1.30]
2025-05-08 19:14:03.501 [main] INFO  o.a.c.core.ContainerBase.[Tomcat].[localhost].[/]-Initializing Spring embedded WebApplicationContext
2025-05-08 19:14:03.502 [main] INFO  o.s.b.w.s.c.ServletWebServerApplicationContext-Root WebApplicationContext: initialization completed in 885 ms
2025-05-08 19:14:04.093 [main] INFO  org.apache.coyote.http11.Http11NioProtocol-Starting ProtocolHandler ["http-nio-8080"]
2025-05-08 19:14:04.103 [main] INFO  o.s.boot.web.embedded.tomcat.TomcatWebServer-Tomcat started on port 8080 (http) with context path ''
2025-05-08 19:14:04.110 [main] INFO  com.itheima.TliasWebManagementApplication-Started TliasWebManagementApplication in 1.742 seconds (process running for 3.046)
2025-05-08 19:14:11.959 [http-nio-8080-exec-4] INFO  o.a.c.core.ContainerBase.[Tomcat].[localhost].[/]-Initializing Spring DispatcherServlet 'dispatcherServlet'
2025-05-08 19:14:11.959 [http-nio-8080-exec-4] INFO  org.springframework.web.servlet.DispatcherServlet-Initializing Servlet 'dispatcherServlet'
2025-05-08 19:14:11.960 [http-nio-8080-exec-4] INFO  org.springframework.web.servlet.DispatcherServlet-Completed initialization in 1 ms
2025-05-08 19:14:11.974 [http-nio-8080-exec-4] INFO  com.itheima.interceptor.DemoInterceptor-preHandle ....
2025-05-08 19:14:11.974 [http-nio-8080-exec-1] INFO  com.itheima.interceptor.DemoInterceptor-preHandle ....
2025-05-08 19:14:11.974 [http-nio-8080-exec-4] INFO  com.itheima.interceptor.TokenInterceptor-令牌为空, 响应401
2025-05-08 19:14:11.974 [http-nio-8080-exec-1] INFO  com.itheima.interceptor.TokenInterceptor-令牌为空, 响应401
2025-05-08 19:14:11.975 [http-nio-8080-exec-1] INFO  com.itheima.interceptor.DemoInterceptor-afterCompletion ....
2025-05-08 19:14:11.975 [http-nio-8080-exec-4] INFO  com.itheima.interceptor.DemoInterceptor-afterCompletion ....
2025-05-08 19:14:21.599 [http-nio-8080-exec-2] INFO  com.itheima.interceptor.DemoInterceptor-preHandle ....
2025-05-08 19:14:21.845 [http-nio-8080-exec-2] INFO  com.itheima.controller.LoginController-登录: Emp(id=null, username=songjiang, password=123456, name=null, gender=null, phone=null, job=null, salary=null, image=null, entryDate=null, deptId=null, createTime=null, updateTime=null, deptName=null, exprList=null)
2025-05-08 19:14:21.905 [http-nio-8080-exec-2] INFO  com.zaxxer.hikari.HikariDataSource-HikariPool-1 - Starting...
2025-05-08 19:14:22.706 [http-nio-8080-exec-2] INFO  com.zaxxer.hikari.pool.HikariPool-HikariPool-1 - Added connection com.mysql.cj.jdbc.ConnectionImpl@1d3f3e5a
2025-05-08 19:14:22.716 [http-nio-8080-exec-2] INFO  com.zaxxer.hikari.HikariDataSource-HikariPool-1 - Start completed.
2025-05-08 19:14:22.806 [http-nio-8080-exec-2] INFO  com.itheima.service.impl.EmpServiceImpl-登录成功, 员工信息: Emp(id=2, username=songjiang, password=null, name=宋江, gender=null, phone=null, job=null, salary=null, image=null, entryDate=null, deptId=null, createTime=null, updateTime=null, deptName=null, exprList=null)
2025-05-08 19:14:22.913 [http-nio-8080-exec-2] INFO  com.itheima.interceptor.DemoInterceptor-postHandle ....
2025-05-08 19:14:22.913 [http-nio-8080-exec-2] INFO  com.itheima.interceptor.DemoInterceptor-afterCompletion ....
2025-05-08 19:14:24.515 [http-nio-8080-exec-3] INFO  com.itheima.interceptor.DemoInterceptor-preHandle ....
2025-05-08 19:14:24.515 [http-nio-8080-exec-5] INFO  com.itheima.interceptor.DemoInterceptor-preHandle ....
2025-05-08 19:14:24.525 [http-nio-8080-exec-5] INFO  com.itheima.interceptor.TokenInterceptor-令牌合法, 放行
2025-05-08 19:14:24.525 [http-nio-8080-exec-3] INFO  com.itheima.interceptor.TokenInterceptor-令牌合法, 放行
2025-05-08 19:14:24.531 [http-nio-8080-exec-5] INFO  com.itheima.controller.EmpController-查询所有的员工数据
2025-05-08 19:14:24.569 [http-nio-8080-exec-5] INFO  com.itheima.interceptor.DemoInterceptor-postHandle ....
2025-05-08 19:14:24.569 [http-nio-8080-exec-5] INFO  com.itheima.interceptor.DemoInterceptor-afterCompletion ....
2025-05-08 19:14:24.662 [http-nio-8080-exec-3] INFO  com.itheima.interceptor.DemoInterceptor-postHandle ....
2025-05-08 19:14:24.663 [http-nio-8080-exec-3] INFO  com.itheima.interceptor.DemoInterceptor-afterCompletion ....
2025-05-08 19:14:25.259 [http-nio-8080-exec-7] INFO  com.itheima.interceptor.DemoInterceptor-preHandle ....
2025-05-08 19:14:25.259 [http-nio-8080-exec-9] INFO  com.itheima.interceptor.DemoInterceptor-preHandle ....
2025-05-08 19:14:25.261 [http-nio-8080-exec-9] INFO  com.itheima.interceptor.TokenInterceptor-令牌合法, 放行
2025-05-08 19:14:25.261 [http-nio-8080-exec-7] INFO  com.itheima.interceptor.TokenInterceptor-令牌合法, 放行
2025-05-08 19:14:25.271 [http-nio-8080-exec-7] INFO  com.itheima.interceptor.DemoInterceptor-postHandle ....
2025-05-08 19:14:25.271 [http-nio-8080-exec-7] INFO  com.itheima.interceptor.DemoInterceptor-afterCompletion ....
2025-05-08 19:14:25.283 [http-nio-8080-exec-9] INFO  com.itheima.interceptor.DemoInterceptor-postHandle ....
2025-05-08 19:14:25.283 [http-nio-8080-exec-9] INFO  com.itheima.interceptor.DemoInterceptor-afterCompletion ....
2025-05-08 19:16:22.614 [SpringApplicationShutdownHook] INFO  com.zaxxer.hikari.HikariDataSource-HikariPool-1 - Shutdown initiated...
2025-05-08 19:16:22.623 [SpringApplicationShutdownHook] INFO  com.zaxxer.hikari.HikariDataSource-HikariPool-1 - Shutdown completed.
