2025-05-05 23:11:06.895 [main] INFO  com.itheima.TliasWebManagementApplication-Starting TliasWebManagementApplication using Java 17.0.4.1 with PID 13644 (E:\my_project\tlias\tlias-web-management\target\classes started by forwardSun in E:\my_project\tlias)
2025-05-05 23:11:06.897 [main] INFO  com.itheima.TliasWebManagementApplication-No active profile set, falling back to 1 default profile: "default"
2025-05-05 23:11:07.792 [main] INFO  o.s.boot.web.embedded.tomcat.TomcatWebServer-Tomcat initialized with port 8080 (http)
2025-05-05 23:11:07.844 [main] INFO  o.s.b.w.s.c.ServletWebServerApplicationContext-Root WebApplicationContext: initialization completed in 913 ms
2025-05-05 23:11:08.441 [main] INFO  o.s.boot.web.embedded.tomcat.TomcatWebServer-Tomcat started on port 8080 (http) with context path ''
2025-05-05 23:11:08.448 [main] INFO  com.itheima.TliasWebManagementApplication-Started TliasWebManagementApplication in 1.817 seconds (process running for 3.195)
2025-05-05 23:11:16.409 [main] INFO  com.itheima.TliasWebManagementApplication-Starting TliasWebManagementApplication using Java 17.0.4.1 with PID 20828 (E:\my_project\tlias\tlias-web-management\target\classes started by forwardSun in E:\my_project\tlias)
2025-05-05 23:11:16.412 [main] INFO  com.itheima.TliasWebManagementApplication-No active profile set, falling back to 1 default profile: "default"
2025-05-05 23:11:17.235 [main] INFO  o.s.boot.web.embedded.tomcat.TomcatWebServer-Tomcat initialized with port 8080 (http)
2025-05-05 23:11:17.243 [main] INFO  org.apache.coyote.http11.Http11NioProtocol-Initializing ProtocolHandler ["http-nio-8080"]
2025-05-05 23:11:17.245 [main] INFO  org.apache.catalina.core.StandardService-Starting service [Tomcat]
2025-05-05 23:11:17.245 [main] INFO  org.apache.catalina.core.StandardEngine-Starting Servlet engine: [Apache Tomcat/10.1.30]
2025-05-05 23:11:17.279 [main] INFO  o.a.c.core.ContainerBase.[Tomcat].[localhost].[/]-Initializing Spring embedded WebApplicationContext
2025-05-05 23:11:17.279 [main] INFO  o.s.b.w.s.c.ServletWebServerApplicationContext-Root WebApplicationContext: initialization completed in 840 ms
2025-05-05 23:11:17.837 [main] INFO  org.apache.coyote.http11.Http11NioProtocol-Starting ProtocolHandler ["http-nio-8080"]
2025-05-05 23:11:17.849 [main] INFO  o.s.boot.web.embedded.tomcat.TomcatWebServer-Tomcat started on port 8080 (http) with context path ''
2025-05-05 23:11:17.855 [main] INFO  com.itheima.TliasWebManagementApplication-Started TliasWebManagementApplication in 1.726 seconds (process running for 2.14)
2025-05-05 23:36:23.877 [main] INFO  com.itheima.TliasWebManagementApplication-Starting TliasWebManagementApplication using Java 17.0.4.1 with PID 20640 (E:\my_project\tlias\tlias-web-management\target\classes started by forwardSun in E:\my_project\tlias)
2025-05-05 23:36:23.878 [main] INFO  com.itheima.TliasWebManagementApplication-No active profile set, falling back to 1 default profile: "default"
2025-05-05 23:36:24.583 [main] INFO  o.s.boot.web.embedded.tomcat.TomcatWebServer-Tomcat initialized with port 8080 (http)
2025-05-05 23:36:24.590 [main] INFO  org.apache.coyote.http11.Http11NioProtocol-Initializing ProtocolHandler ["http-nio-8080"]
2025-05-05 23:36:24.593 [main] INFO  org.apache.catalina.core.StandardService-Starting service [Tomcat]
2025-05-05 23:36:24.593 [main] INFO  org.apache.catalina.core.StandardEngine-Starting Servlet engine: [Apache Tomcat/10.1.30]
2025-05-05 23:36:24.630 [main] INFO  o.a.c.core.ContainerBase.[Tomcat].[localhost].[/]-Initializing Spring embedded WebApplicationContext
2025-05-05 23:36:24.630 [main] INFO  o.s.b.w.s.c.ServletWebServerApplicationContext-Root WebApplicationContext: initialization completed in 729 ms
2025-05-05 23:36:25.108 [main] INFO  org.apache.coyote.http11.Http11NioProtocol-Starting ProtocolHandler ["http-nio-8080"]
2025-05-05 23:36:25.118 [main] INFO  o.s.boot.web.embedded.tomcat.TomcatWebServer-Tomcat started on port 8080 (http) with context path ''
2025-05-05 23:36:25.123 [main] INFO  com.itheima.TliasWebManagementApplication-Started TliasWebManagementApplication in 1.459 seconds (process running for 1.927)
2025-05-05 23:36:29.227 [http-nio-8080-exec-1] INFO  o.a.c.core.ContainerBase.[Tomcat].[localhost].[/]-Initializing Spring DispatcherServlet 'dispatcherServlet'
2025-05-05 23:36:29.227 [http-nio-8080-exec-1] INFO  org.springframework.web.servlet.DispatcherServlet-Initializing Servlet 'dispatcherServlet'
2025-05-05 23:36:29.228 [http-nio-8080-exec-1] INFO  org.springframework.web.servlet.DispatcherServlet-Completed initialization in 1 ms
2025-05-05 23:36:29.252 [http-nio-8080-exec-1] INFO  com.itheima.controller.DeptController-查询全部部门数据
2025-05-05 23:36:29.270 [http-nio-8080-exec-1] INFO  com.zaxxer.hikari.HikariDataSource-HikariPool-1 - Starting...
2025-05-05 23:36:29.560 [http-nio-8080-exec-1] INFO  com.zaxxer.hikari.pool.HikariPool-HikariPool-1 - Added connection com.mysql.cj.jdbc.ConnectionImpl@1e2d5072
2025-05-05 23:36:29.561 [http-nio-8080-exec-1] INFO  com.zaxxer.hikari.HikariDataSource-HikariPool-1 - Start completed.
2025-05-05 23:36:55.156 [SpringApplicationShutdownHook] INFO  com.zaxxer.hikari.HikariDataSource-HikariPool-1 - Shutdown initiated...
2025-05-05 23:36:55.166 [SpringApplicationShutdownHook] INFO  com.zaxxer.hikari.HikariDataSource-HikariPool-1 - Shutdown completed.
